<?xml version="1.0" encoding="UTF-8"?>
<!-- Generated by org.testng.reporters.JUnitXMLReporter -->
<testsuite hostname="Win10VRT-Manoj3" ignored="24" name="Default test" tests="1" failures="0" timestamp="2020-09-25T17:22:22 IST" time="108.053" errors="0">
  <testcase name="LOGIN_001" time="48.131" classname="com.vrt.testcases.LoginTest"/>
  <testcase name="LOGIN_001c" time="0.0" classname="com.vrt.testcases.LoginTest">
    <ignored/>
  </testcase> <!-- LOGIN_001c -->
  <testcase name="LOGIN_009" time="0.0" classname="com.vrt.testcases.LoginTest">
    <ignored/>
  </testcase> <!-- LOGIN_009 -->
  <testcase name="LOGIN_018" time="0.0" classname="com.vrt.testcases.LoginTest">
    <ignored/>
  </testcase> <!-- LOGIN_018 -->
  <testcase name="LOGIN_007" time="0.0" classname="com.vrt.testcases.LoginTest">
    <ignored/>
  </testcase> <!-- LOGIN_007 -->
  <testcase name="LOGIN_019" time="0.0" classname="com.vrt.testcases.LoginTest">
    <ignored/>
  </testcase> <!-- LOGIN_019 -->
  <testcase name="LOGIN_008" time="0.0" classname="com.vrt.testcases.LoginTest">
    <ignored/>
  </testcase> <!-- LOGIN_008 -->
  <testcase name="LOGIN_001b" time="0.0" classname="com.vrt.testcases.LoginTest">
    <ignored/>
  </testcase> <!-- LOGIN_001b -->
  <testcase name="LOGIN_017" time="0.0" classname="com.vrt.testcases.LoginTest">
    <ignored/>
  </testcase> <!-- LOGIN_017 -->
  <testcase name="LOGIN_006" time="0.0" classname="com.vrt.testcases.LoginTest">
    <ignored/>
  </testcase> <!-- LOGIN_006 -->
  <testcase name="LOGIN_012" time="0.0" classname="com.vrt.testcases.LoginTest">
    <ignored/>
  </testcase> <!-- LOGIN_012 -->
  <testcase name="LOGIN_021" time="0.0" classname="com.vrt.testcases.LoginTest">
    <ignored/>
  </testcase> <!-- LOGIN_021 -->
  <testcase name="LOGIN_010" time="0.0" classname="com.vrt.testcases.LoginTest">
    <ignored/>
  </testcase> <!-- LOGIN_010 -->
  <testcase name="LOGIN_022" time="0.0" classname="com.vrt.testcases.LoginTest">
    <ignored/>
  </testcase> <!-- LOGIN_022 -->
  <testcase name="LOGIN_011" time="0.0" classname="com.vrt.testcases.LoginTest">
    <ignored/>
  </testcase> <!-- LOGIN_011 -->
  <testcase name="LOGIN_005" time="0.0" classname="com.vrt.testcases.LoginTest">
    <ignored/>
  </testcase> <!-- LOGIN_005 -->
  <testcase name="LOGIN_016" time="0.0" classname="com.vrt.testcases.LoginTest">
    <ignored/>
  </testcase> <!-- LOGIN_016 -->
  <testcase name="LOGIN_020" time="0.0" classname="com.vrt.testcases.LoginTest">
    <ignored/>
  </testcase> <!-- LOGIN_020 -->
  <testcase name="LOGIN_003" time="0.0" classname="com.vrt.testcases.LoginTest">
    <ignored/>
  </testcase> <!-- LOGIN_003 -->
  <testcase name="LOGIN_014" time="0.0" classname="com.vrt.testcases.LoginTest">
    <ignored/>
  </testcase> <!-- LOGIN_014 -->
  <testcase name="LOGIN_004" time="0.0" classname="com.vrt.testcases.LoginTest">
    <ignored/>
  </testcase> <!-- LOGIN_004 -->
  <testcase name="LOGIN_015" time="0.0" classname="com.vrt.testcases.LoginTest">
    <ignored/>
  </testcase> <!-- LOGIN_015 -->
  <testcase name="LOGIN_002" time="0.0" classname="com.vrt.testcases.LoginTest">
    <ignored/>
  </testcase> <!-- LOGIN_002 -->
  <testcase name="LOGIN_013" time="0.0" classname="com.vrt.testcases.LoginTest">
    <ignored/>
  </testcase> <!-- LOGIN_013 -->
  <testcase name="LOGIN_024" time="0.0" classname="com.vrt.testcases.LoginTest">
    <ignored/>
  </testcase> <!-- LOGIN_024 -->
</testsuite> <!-- Default test -->
